<?xml version="1.0" encoding="UTF-8"?>
<!-- Generated by org.testng.reporters.JUnitReportReporter -->
<testsuite hostname="system11" name="DriverFactory.AppTest" tests="1" failures="0" timestamp="23 Jul 2019 07:08:46 GMT" time="13.982" errors="0">
  <testcase name="kickStart" time="13.982" classname="DriverFactory.AppTest"/>
</testsuite> <!-- DriverFactory.AppTest -->
